----------------------------------------
Begin PBS Prologue Mon Nov  7 23:42:46 PST 2016
Job ID:            22144699.hpc-pbs1.hpcc.usc.edu
Username:          xinzengw
Group:             phys-ar
Project:           lc_an1
Name:              mpcuqd1
Queue:             quick
Shared Access:     no
All Cores:         no
Has MIC:           no
Nodes:             hpc3025 hpc3184 
Scratch is:         /scratch
TMPDIR:            /tmp/22144699.hpc-pbs1.hpcc.usc.edu
End PBS Prologue Mon Nov  7 23:43:04 PST 2016
----------------------------------------
2.000000e-01 8.435893e+01 1.398403e-04 8.435907e+01
4.000000e-01 8.435891e+01 1.596950e-04 8.435907e+01
6.000000e-01 8.435889e+01 1.822156e-04 8.435907e+01
8.000000e-01 8.435886e+01 2.077224e-04 8.435907e+01
1.000000e+00 8.435884e+01 2.365722e-04 8.435907e+01
1.200000e+00 8.435880e+01 2.691773e-04 8.435907e+01
1.400000e+00 8.435877e+01 3.059596e-04 8.435907e+01
1.600000e+00 8.435873e+01 3.474281e-04 8.435908e+01
1.800000e+00 8.435868e+01 3.941104e-04 8.435908e+01
2.000000e+00 8.435863e+01 4.469369e-04 8.435908e+01
2.200000e+00 8.435857e+01 5.081648e-04 8.435908e+01
2.400000e+00 8.435851e+01 5.745830e-04 8.435908e+01
2.600000e+00 8.435843e+01 6.490248e-04 8.435908e+01
2.800000e+00 8.435835e+01 7.324616e-04 8.435908e+01
3.000000e+00 8.435826e+01 8.256872e-04 8.435908e+01
3.200000e+00 8.435815e+01 9.299594e-04 8.435908e+01
3.400000e+00 8.435804e+01 1.046384e-03 8.435908e+01
3.600000e+00 8.435791e+01 1.176163e-03 8.435908e+01
3.800000e+00 8.435776e+01 1.320501e-03 8.435908e+01
4.000000e+00 8.435760e+01 1.480825e-03 8.435908e+01
4.200000e+00 8.435742e+01 1.658878e-03 8.435908e+01
4.400000e+00 8.435723e+01 1.856399e-03 8.435908e+01
4.600000e+00 8.435701e+01 2.075300e-03 8.435908e+01
4.800000e+00 8.435676e+01 2.317582e-03 8.435908e+01
5.000000e+00 8.435649e+01 2.585421e-03 8.435908e+01
5.200000e+00 8.435620e+01 2.881085e-03 8.435908e+01
5.400000e+00 8.435587e+01 3.207164e-03 8.435908e+01
5.600000e+00 8.435551e+01 3.566305e-03 8.435907e+01
5.800000e+00 8.435511e+01 3.961515e-03 8.435907e+01
6.000000e+00 8.435467e+01 4.395938e-03 8.435907e+01
6.200000e+00 8.435420e+01 4.872833e-03 8.435907e+01
6.400000e+00 8.435367e+01 5.395703e-03 8.435907e+01
6.600000e+00 8.435310e+01 5.968372e-03 8.435907e+01
6.800000e+00 8.435247e+01 6.594700e-03 8.435907e+01
7.000000e+00 8.435178e+01 7.279067e-03 8.435906e+01
7.200000e+00 8.435104e+01 8.025851e-03 8.435906e+01
7.400000e+00 8.435022e+01 8.839795e-03 8.435906e+01
7.600000e+00 8.434933e+01 9.725928e-03 8.435906e+01
7.800000e+00 8.434837e+01 1.068950e-02 8.435906e+01
8.000000e+00 8.434732e+01 1.173591e-02 8.435906e+01
8.200000e+00 8.434619e+01 1.287111e-02 8.435906e+01
8.400000e+00 8.434495e+01 1.410100e-02 8.435905e+01
8.600000e+00 8.434362e+01 1.543196e-02 8.435905e+01
8.800000e+00 8.434218e+01 1.687044e-02 8.435905e+01
9.000000e+00 8.434063e+01 1.842345e-02 8.435905e+01
9.200000e+00 8.433895e+01 2.009785e-02 8.435905e+01
9.400000e+00 8.433714e+01 2.190106e-02 8.435905e+01
9.600000e+00 8.433520e+01 2.384056e-02 8.435904e+01
9.800000e+00 8.433312e+01 2.592416e-02 8.435904e+01
1.000000e+01 8.433088e+01 2.815974e-02 8.435904e+01
1.020000e+01 8.432848e+01 3.055543e-02 8.435903e+01
1.040000e+01 8.432591e+01 3.311958e-02 8.435903e+01
1.060000e+01 8.432317e+01 3.586056e-02 8.435903e+01
1.080000e+01 8.432024e+01 3.878699e-02 8.435902e+01
1.100000e+01 8.431711e+01 4.190732e-02 8.435902e+01
1.120000e+01 8.431378e+01 4.523047e-02 8.435901e+01
1.140000e+01 8.431024e+01 4.876493e-02 8.435901e+01
1.160000e+01 8.430648e+01 5.251955e-02 8.435900e+01
1.180000e+01 8.430249e+01 5.650274e-02 8.435900e+01
1.200000e+01 8.429827e+01 6.072324e-02 8.435899e+01
1.220000e+01 8.429379e+01 6.518921e-02 8.435898e+01
1.240000e+01 8.428907e+01 6.990908e-02 8.435897e+01
1.260000e+01 8.428408e+01 7.489044e-02 8.435897e+01
1.280000e+01 8.427882e+01 8.014128e-02 8.435896e+01
1.300000e+01 8.427328e+01 8.566855e-02 8.435895e+01
1.320000e+01 8.426746e+01 9.147942e-02 8.435894e+01
1.340000e+01 8.426135e+01 9.758001e-02 8.435893e+01
1.360000e+01 8.425495e+01 1.039765e-01 8.435892e+01
1.380000e+01 8.424824e+01 1.106737e-01 8.435891e+01
1.400000e+01 8.424123e+01 1.176768e-01 8.435890e+01
1.420000e+01 8.423390e+01 1.249893e-01 8.435889e+01
1.440000e+01 8.422627e+01 1.326145e-01 8.435888e+01
1.460000e+01 8.421831e+01 1.405546e-01 8.435887e+01
1.480000e+01 8.421004e+01 1.488112e-01 8.435886e+01
1.500000e+01 8.420146e+01 1.573845e-01 8.435884e+01
1.520000e+01 8.419256e+01 1.662741e-01 8.435883e+01
1.540000e+01 8.418334e+01 1.754783e-01 8.435882e+01
1.560000e+01 8.417381e+01 1.849941e-01 8.435880e+01
1.580000e+01 8.416397e+01 1.948179e-01 8.435879e+01
1.600000e+01 8.415383e+01 2.049444e-01 8.435877e+01
1.620000e+01 8.414339e+01 2.153669e-01 8.435876e+01
1.640000e+01 8.413266e+01 2.260779e-01 8.435874e+01
1.660000e+01 8.412166e+01 2.370683e-01 8.435872e+01
1.680000e+01 8.411038e+01 2.483275e-01 8.435871e+01
1.700000e+01 8.409885e+01 2.598438e-01 8.435869e+01
1.720000e+01 8.408707e+01 2.716038e-01 8.435867e+01
1.740000e+01 8.407506e+01 2.835932e-01 8.435865e+01
1.760000e+01 8.406284e+01 2.957954e-01 8.435864e+01
1.780000e+01 8.405042e+01 3.081936e-01 8.435862e+01
1.800000e+01 8.403783e+01 3.207684e-01 8.435860e+01
1.820000e+01 8.402508e+01 3.335001e-01 8.435858e+01
1.840000e+01 8.401219e+01 3.463667e-01 8.435856e+01
1.860000e+01 8.399919e+01 3.593458e-01 8.435854e+01
1.880000e+01 8.398611e+01 3.724133e-01 8.435852e+01
1.900000e+01 8.397296e+01 3.855441e-01 8.435850e+01
1.920000e+01 8.395977e+01 3.987114e-01 8.435848e+01
1.940000e+01 8.394657e+01 4.118886e-01 8.435846e+01
1.960000e+01 8.393340e+01 4.250468e-01 8.435844e+01
1.980000e+01 8.392027e+01 4.381573e-01 8.435842e+01
2.000000e+01 8.390721e+01 4.511899e-01 8.435840e+01
2.020000e+01 8.389427e+01 4.641143e-01 8.435838e+01
2.040000e+01 8.388147e+01 4.768990e-01 8.435836e+01
2.060000e+01 8.386883e+01 4.895131e-01 8.435835e+01
2.080000e+01 8.385640e+01 5.019242e-01 8.435833e+01
2.100000e+01 8.384421e+01 5.141006e-01 8.435831e+01
2.120000e+01 8.383228e+01 5.260105e-01 8.435829e+01
2.140000e+01 8.382065e+01 5.376216e-01 8.435827e+01
2.160000e+01 8.380935e+01 5.489023e-01 8.435826e+01
2.180000e+01 8.379842e+01 5.598217e-01 8.435824e+01
2.200000e+01 8.378788e+01 5.703487e-01 8.435822e+01
2.220000e+01 8.377776e+01 5.804532e-01 8.435821e+01
2.240000e+01 8.376809e+01 5.901065e-01 8.435820e+01
2.260000e+01 8.375890e+01 5.992795e-01 8.435818e+01
2.280000e+01 8.375022e+01 6.079456e-01 8.435817e+01
2.300000e+01 8.374208e+01 6.160787e-01 8.435816e+01
2.320000e+01 8.373449e+01 6.236543e-01 8.435814e+01
2.340000e+01 8.372749e+01 6.306485e-01 8.435813e+01
2.360000e+01 8.372108e+01 6.370410e-01 8.435812e+01
2.380000e+01 8.371530e+01 6.428111e-01 8.435812e+01
2.400000e+01 8.371017e+01 6.479412e-01 8.435811e+01
2.420000e+01 8.370569e+01 6.524147e-01 8.435810e+01
2.440000e+01 8.370188e+01 6.562184e-01 8.435810e+01
2.460000e+01 8.369875e+01 6.593391e-01 8.435809e+01
2.480000e+01 8.369632e+01 6.617678e-01 8.435809e+01
2.500000e+01 8.369459e+01 6.634962e-01 8.435809e+01
2.520000e+01 8.369356e+01 6.645193e-01 8.435808e+01
2.540000e+01 8.369325e+01 6.648330e-01 8.435808e+01
2.560000e+01 8.369365e+01 6.644373e-01 8.435808e+01
2.580000e+01 8.369475e+01 6.633327e-01 8.435809e+01
2.600000e+01 8.369656e+01 6.615232e-01 8.435809e+01
2.620000e+01 8.369908e+01 6.590141e-01 8.435809e+01
2.640000e+01 8.370228e+01 6.558139e-01 8.435810e+01
2.660000e+01 8.370617e+01 6.519326e-01 8.435810e+01
2.680000e+01 8.371073e+01 6.473823e-01 8.435811e+01
2.700000e+01 8.371594e+01 6.421774e-01 8.435812e+01
2.720000e+01 8.372179e+01 6.363346e-01 8.435813e+01
2.740000e+01 8.372826e+01 6.298718e-01 8.435814e+01
2.760000e+01 8.373534e+01 6.228088e-01 8.435815e+01
2.780000e+01 8.374299e+01 6.151679e-01 8.435816e+01
2.800000e+01 8.375120e+01 6.069719e-01 8.435817e+01
2.820000e+01 8.375994e+01 5.982460e-01 8.435818e+01
2.840000e+01 8.376918e+01 5.890158e-01 8.435820e+01
2.860000e+01 8.377890e+01 5.793091e-01 8.435821e+01
2.880000e+01 8.378907e+01 5.691540e-01 8.435823e+01
2.900000e+01 8.379966e+01 5.585802e-01 8.435824e+01
2.920000e+01 8.381064e+01 5.476173e-01 8.435826e+01
2.940000e+01 8.382198e+01 5.362968e-01 8.435828e+01
2.960000e+01 8.383364e+01 5.246493e-01 8.435829e+01
2.980000e+01 8.384560e+01 5.127071e-01 8.435831e+01
3.000000e+01 8.385783e+01 5.005016e-01 8.435833e+01
3.020000e+01 8.387028e+01 4.880654e-01 8.435835e+01
3.040000e+01 8.388294e+01 4.754297e-01 8.435837e+01
3.060000e+01 8.389576e+01 4.626272e-01 8.435839e+01
3.080000e+01 8.390872e+01 4.496884e-01 8.435841e+01
3.100000e+01 8.392178e+01 4.366451e-01 8.435842e+01
3.120000e+01 8.393492e+01 4.235274e-01 8.435844e+01
3.140000e+01 8.394810e+01 4.103654e-01 8.435846e+01
3.160000e+01 8.396130e+01 3.971876e-01 8.435848e+01
3.180000e+01 8.397448e+01 3.840229e-01 8.435850e+01
3.200000e+01 8.398763e+01 3.708980e-01 8.435852e+01
3.220000e+01 8.400070e+01 3.578393e-01 8.435854e+01
3.240000e+01 8.401369e+01 3.448717e-01 8.435856e+01
3.260000e+01 8.402656e+01 3.320192e-01 8.435858e+01
3.280000e+01 8.403930e+01 3.193045e-01 8.435860e+01
3.300000e+01 8.405187e+01 3.067488e-01 8.435862e+01
3.320000e+01 8.406427e+01 2.943723e-01 8.435864e+01
3.340000e+01 8.407646e+01 2.821934e-01 8.435866e+01
3.360000e+01 8.408844e+01 2.702297e-01 8.435867e+01
3.380000e+01 8.410019e+01 2.584968e-01 8.435869e+01
3.400000e+01 8.411170e+01 2.470095e-01 8.435871e+01
3.420000e+01 8.412294e+01 2.357805e-01 8.435873e+01
3.440000e+01 8.413392e+01 2.248218e-01 8.435874e+01
3.460000e+01 8.414461e+01 2.141435e-01 8.435876e+01
3.480000e+01 8.415502e+01 2.037548e-01 8.435877e+01
3.500000e+01 8.416513e+01 1.936628e-01 8.435879e+01
3.520000e+01 8.417493e+01 1.838743e-01 8.435880e+01
3.540000e+01 8.418442e+01 1.743941e-01 8.435882e+01
3.560000e+01 8.419361e+01 1.652262e-01 8.435883e+01
3.580000e+01 8.420247e+01 1.563729e-01 8.435884e+01
3.600000e+01 8.421102e+01 1.478362e-01 8.435886e+01
3.620000e+01 8.421925e+01 1.396161e-01 8.435887e+01
3.640000e+01 8.422717e+01 1.317125e-01 8.435888e+01
3.660000e+01 8.423477e+01 1.241235e-01 8.435889e+01
3.680000e+01 8.424206e+01 1.168469e-01 8.435890e+01
3.700000e+01 8.424904e+01 1.098794e-01 8.435891e+01
3.720000e+01 8.425571e+01 1.032172e-01 8.435892e+01
3.740000e+01 8.426208e+01 9.685526e-02 8.435893e+01
3.760000e+01 8.426815e+01 9.078844e-02 8.435894e+01
3.780000e+01 8.427394e+01 8.501083e-02 8.435895e+01
3.800000e+01 8.427944e+01 7.951585e-02 8.435896e+01
3.820000e+01 8.428467e+01 7.429662e-02 8.435897e+01
3.840000e+01 8.428963e+01 6.934590e-02 8.435898e+01
3.860000e+01 8.429433e+01 6.465597e-02 8.435898e+01
3.880000e+01 8.429877e+01 6.021874e-02 8.435899e+01
3.900000e+01 8.430297e+01 5.602631e-02 8.435899e+01
3.920000e+01 8.430693e+01 5.206999e-02 8.435900e+01
3.940000e+01 8.431066e+01 4.834141e-02 8.435901e+01
3.960000e+01 8.431418e+01 4.483187e-02 8.435901e+01
3.980000e+01 8.431748e+01 4.153281e-02 8.435902e+01
4.000000e+01 8.432058e+01 3.843535e-02 8.435902e+01
4.020000e+01 8.432349e+01 3.553095e-02 8.435902e+01
4.040000e+01 8.432622e+01 3.281099e-02 8.435903e+01
4.060000e+01 8.432876e+01 3.026682e-02 8.435903e+01
4.080000e+01 8.433114e+01 2.789021e-02 8.435903e+01
4.100000e+01 8.433337e+01 2.567267e-02 8.435904e+01
4.120000e+01 8.433543e+01 2.360635e-02 8.435904e+01
4.140000e+01 8.433736e+01 2.168302e-02 8.435904e+01
4.160000e+01 8.433915e+01 1.989525e-02 8.435905e+01
4.180000e+01 8.434081e+01 1.823535e-02 8.435905e+01
4.200000e+01 8.434236e+01 1.669609e-02 8.435905e+01
4.220000e+01 8.434378e+01 1.527049e-02 8.435905e+01
4.240000e+01 8.434511e+01 1.395157e-02 8.435906e+01
4.260000e+01 8.434633e+01 1.273324e-02 8.435906e+01
4.280000e+01 8.434745e+01 1.160851e-02 8.435906e+01
4.300000e+01 8.434849e+01 1.057230e-02 8.435906e+01
4.320000e+01 8.434945e+01 9.617792e-03 8.435907e+01
4.340000e+01 8.435033e+01 8.740690e-03 8.435907e+01
4.360000e+01 8.435113e+01 7.934542e-03 8.435907e+01
4.380000e+01 8.435188e+01 7.195571e-03 8.435907e+01
4.400000e+01 8.435255e+01 6.518073e-03 8.435907e+01
4.420000e+01 8.435318e+01 5.898310e-03 8.435907e+01
4.440000e+01 8.435374e+01 5.331765e-03 8.435908e+01
4.460000e+01 8.435426e+01 4.814278e-03 8.435908e+01
4.480000e+01 8.435473e+01 4.342912e-03 8.435908e+01
4.500000e+01 8.435516e+01 3.912730e-03 8.435908e+01
4.520000e+01 8.435556e+01 3.522471e-03 8.435908e+01
4.540000e+01 8.435591e+01 3.166515e-03 8.435908e+01
4.560000e+01 8.435623e+01 2.844927e-03 8.435908e+01
4.580000e+01 8.435653e+01 2.551833e-03 8.435908e+01
4.600000e+01 8.435679e+01 2.287906e-03 8.435908e+01
4.620000e+01 8.435703e+01 2.047972e-03 8.435908e+01
4.640000e+01 8.435724e+01 1.832073e-03 8.435908e+01
4.660000e+01 8.435744e+01 1.636927e-03 8.435908e+01
4.680000e+01 8.435761e+01 1.460766e-03 8.435907e+01
4.700000e+01 8.435777e+01 1.303199e-03 8.435907e+01
4.720000e+01 8.435791e+01 1.159785e-03 8.435907e+01
4.740000e+01 8.435804e+01 1.033467e-03 8.435907e+01
4.760000e+01 8.435815e+01 9.170978e-04 8.435907e+01
4.780000e+01 8.435825e+01 8.163843e-04 8.435907e+01
4.800000e+01 8.435835e+01 7.225631e-04 8.435907e+01
4.820000e+01 8.435843e+01 6.423694e-04 8.435907e+01
4.840000e+01 8.435850e+01 5.676289e-04 8.435907e+01
4.860000e+01 8.435857e+01 5.034574e-04 8.435907e+01
4.880000e+01 8.435863e+01 4.451013e-04 8.435907e+01
4.900000e+01 8.435868e+01 3.930388e-04 8.435907e+01
4.920000e+01 8.435872e+01 3.480020e-04 8.435907e+01
4.940000e+01 8.435876e+01 3.141114e-04 8.435907e+01
4.960000e+01 8.435879e+01 2.832114e-04 8.435907e+01
4.980000e+01 8.435884e+01 2.366497e-04 8.435907e+01
5.000000e+01 8.435888e+01 1.964858e-04 8.435908e+01
----------------------------------------
Begin PBS Epilogue Mon Nov  7 23:43:23 PST 2016
Job ID:           22144699.hpc-pbs1.hpcc.usc.edu
Username:         xinzengw
Group:            phys-ar
Job Name:         mpcuqd1
Session:          22809
Limits:           neednodes=2:ppn=2:gpus=2,nodes=2:ppn=2:gpus=2,walltime=00:03:59
Resources:        cput=00:01:12,energy_used=0,mem=39310692kb,vmem=191467784kb,walltime=00:00:19
Queue:            quick
Shared Access:    no
Has MIC:          no
Account:          lc_an1
End PBS Epilogue Mon Nov  7 23:43:40 PST 2016
----------------------------------------
