2.000000e-01 8.426938e+01 3.213792e-01 8.459076e+01
4.000000e-01 8.430878e+01 2.818709e-01 8.459065e+01
6.000000e-01 8.427455e+01 3.163105e-01 8.459087e+01
8.000000e-01 8.434034e+01 2.502991e-01 8.459064e+01
1.000000e+00 8.428375e+01 3.071983e-01 8.459094e+01
1.200000e+00 8.436159e+01 2.290620e-01 8.459066e+01
1.400000e+00 8.430211e+01 2.888594e-01 8.459097e+01
1.600000e+00 8.437103e+01 2.196839e-01 8.459072e+01
1.800000e+00 8.432931e+01 2.616372e-01 8.459095e+01
2.000000e+00 8.437111e+01 2.196963e-01 8.459081e+01
2.200000e+00 8.436037e+01 2.305206e-01 8.459089e+01
2.400000e+00 8.436614e+01 2.247641e-01 8.459090e+01
2.600000e+00 8.439261e+01 1.982105e-01 8.459082e+01
2.800000e+00 8.436326e+01 2.277275e-01 8.459099e+01
3.000000e+00 8.441932e+01 1.714596e-01 8.459078e+01
3.200000e+00 8.436647e+01 2.245771e-01 8.459104e+01
3.400000e+00 8.443662e+01 1.541468e-01 8.459077e+01
3.600000e+00 8.437848e+01 2.125763e-01 8.459105e+01
3.800000e+00 8.444352e+01 1.472760e-01 8.459080e+01
4.000000e+00 8.439907e+01 1.919520e-01 8.459103e+01
4.200000e+00 8.444189e+01 1.489794e-01 8.459087e+01
4.400000e+00 8.442521e+01 1.657597e-01 8.459097e+01
4.600000e+00 8.443587e+01 1.550846e-01 8.459096e+01
4.800000e+00 8.445211e+01 1.388051e-01 8.459092e+01
5.000000e+00 8.443053e+01 1.605096e-01 8.459104e+01
5.200000e+00 8.447486e+01 1.160205e-01 8.459088e+01
5.400000e+00 8.443043e+01 1.606718e-01 8.459111e+01
5.600000e+00 8.448986e+01 1.010111e-01 8.459088e+01
5.800000e+00 8.443815e+01 1.529856e-01 8.459114e+01
6.000000e+00 8.449588e+01 9.505548e-02 8.459094e+01
6.200000e+00 8.445357e+01 1.375782e-01 8.459115e+01
6.400000e+00 8.449424e+01 9.674839e-02 8.459098e+01
6.600000e+00 8.447422e+01 1.168921e-01 8.459112e+01
6.800000e+00 8.448840e+01 1.026747e-01 8.459107e+01
7.000000e+00 8.449611e+01 9.495087e-02 8.459106e+01
7.200000e+00 8.448265e+01 1.084884e-01 8.459114e+01
7.400000e+00 8.451498e+01 7.603873e-02 8.459102e+01
7.600000e+00 8.448091e+01 1.102882e-01 8.459120e+01
7.800000e+00 8.452770e+01 6.331425e-02 8.459101e+01
8.000000e+00 8.448539e+01 1.058302e-01 8.459122e+01
8.200000e+00 8.453303e+01 5.800396e-02 8.459103e+01
8.400000e+00 8.449626e+01 9.495452e-02 8.459121e+01
8.600000e+00 8.453190e+01 5.917909e-02 8.459108e+01
8.800000e+00 8.451165e+01 7.953947e-02 8.459119e+01
9.000000e+00 8.452696e+01 6.417314e-02 8.459114e+01
9.200000e+00 8.452837e+01 6.278430e-02 8.459115e+01
9.400000e+00 8.452165e+01 6.954426e-02 8.459120e+01
9.600000e+00 8.454306e+01 4.806455e-02 8.459112e+01
9.800000e+00 8.451906e+01 7.217998e-02 8.459124e+01
1.000000e+01 8.455313e+01 3.798346e-02 8.459111e+01
1.020000e+01 8.452111e+01 7.015977e-02 8.459127e+01
1.040000e+01 8.455749e+01 3.363211e-02 8.459112e+01
1.060000e+01 8.452804e+01 6.322466e-02 8.459127e+01
1.080000e+01 8.455674e+01 3.441271e-02 8.459115e+01
1.100000e+01 8.453855e+01 5.269678e-02 8.459125e+01
1.120000e+01 8.455280e+01 3.839927e-02 8.459120e+01
1.140000e+01 8.455048e+01 4.074149e-02 8.459122e+01
1.160000e+01 8.453267e+01 5.854940e-02 8.459122e+01
1.180000e+01 8.450992e+01 8.115908e-02 8.459108e+01
1.200000e+01 8.435922e+01 2.317573e-01 8.459097e+01
1.220000e+01 8.420969e+01 3.810806e-01 8.459077e+01
1.240000e+01 8.410386e+01 4.866429e-01 8.459050e+01
1.260000e+01 8.396907e+01 6.212819e-01 8.459035e+01
1.280000e+01 8.382474e+01 7.654671e-01 8.459021e+01
1.300000e+01 8.371196e+01 8.779821e-01 8.458995e+01
1.320000e+01 8.358922e+01 1.000550e+00 8.458977e+01
1.340000e+01 8.344758e+01 1.142039e+00 8.458962e+01
1.360000e+01 8.333654e+01 1.252886e+00 8.458943e+01
1.380000e+01 8.325348e+01 1.335805e+00 8.458929e+01
1.400000e+01 8.321725e+01 1.372068e+00 8.458932e+01
1.420000e+01 8.328445e+01 1.304840e+00 8.458930e+01
1.440000e+01 8.326188e+01 1.327494e+00 8.458938e+01
1.460000e+01 8.330394e+01 1.285401e+00 8.458934e+01
1.480000e+01 8.330164e+01 1.287763e+00 8.458940e+01
1.500000e+01 8.332411e+01 1.265273e+00 8.458938e+01
1.520000e+01 8.333399e+01 1.255436e+00 8.458943e+01
1.540000e+01 8.335562e+01 1.233831e+00 8.458945e+01
1.560000e+01 8.337608e+01 1.213381e+00 8.458946e+01
1.580000e+01 8.339269e+01 1.196828e+00 8.458951e+01
1.600000e+01 8.342157e+01 1.167949e+00 8.458952e+01
1.620000e+01 8.343209e+01 1.157499e+00 8.458959e+01
1.640000e+01 8.346525e+01 1.124327e+00 8.458957e+01
1.660000e+01 8.347595e+01 1.113709e+00 8.458966e+01
1.680000e+01 8.351183e+01 1.077814e+00 8.458964e+01
1.700000e+01 8.352565e+01 1.064076e+00 8.458973e+01
1.720000e+01 8.355813e+01 1.031602e+00 8.458973e+01
1.740000e+01 8.357791e+01 1.011879e+00 8.458979e+01
1.760000e+01 8.360607e+01 9.837462e-01 8.458982e+01
1.780000e+01 8.363178e+01 9.580809e-01 8.458986e+01
1.800000e+01 8.365566e+01 9.342448e-01 8.458991e+01
1.820000e+01 8.368601e+01 9.039197e-01 8.458993e+01
1.840000e+01 8.370707e+01 8.829318e-01 8.459000e+01
1.860000e+01 8.373993e+01 8.500769e-01 8.459001e+01
1.880000e+01 8.375983e+01 8.302463e-01 8.459008e+01
1.900000e+01 8.379314e+01 7.969519e-01 8.459009e+01
1.920000e+01 8.381344e+01 7.767204e-01 8.459016e+01
1.940000e+01 8.384482e+01 7.453510e-01 8.459017e+01
1.960000e+01 8.386772e+01 7.225044e-01 8.459023e+01
1.980000e+01 8.389608e+01 6.941691e-01 8.459025e+01
2.000000e+01 8.392113e+01 6.691699e-01 8.459030e+01
2.020000e+01 8.394578e+01 6.445596e-01 8.459034e+01
2.040000e+01 8.397284e+01 6.175259e-01 8.459037e+01
2.060000e+01 8.399476e+01 5.956531e-01 8.459042e+01
2.080000e+01 8.402255e+01 5.678911e-01 8.459044e+01
2.100000e+01 8.404273e+01 5.477669e-01 8.459049e+01
2.120000e+01 8.406989e+01 5.206254e-01 8.459051e+01
2.140000e+01 8.408950e+01 5.010613e-01 8.459056e+01
2.160000e+01 8.411488e+01 4.756987e-01 8.459058e+01
2.180000e+01 8.413436e+01 4.562713e-01 8.459063e+01
2.200000e+01 8.415697e+01 4.336801e-01 8.459065e+01
2.220000e+01 8.417688e+01 4.138132e-01 8.459069e+01
2.240000e+01 8.419696e+01 3.937606e-01 8.459072e+01
2.260000e+01 8.421710e+01 3.736419e-01 8.459075e+01
2.280000e+01 8.423456e+01 3.562167e-01 8.459078e+01
2.300000e+01 8.425467e+01 3.361294e-01 8.459080e+01
2.320000e+01 8.426776e+01 3.230684e-01 8.459083e+01
2.340000e+01 8.427389e+01 3.169354e-01 8.459083e+01
2.360000e+01 8.428778e+01 3.030722e-01 8.459085e+01
2.380000e+01 8.430658e+01 2.842946e-01 8.459087e+01
2.400000e+01 8.432090e+01 2.700003e-01 8.459090e+01
2.420000e+01 8.433687e+01 2.540403e-01 8.459091e+01
2.440000e+01 8.435067e+01 2.402627e-01 8.459094e+01
2.460000e+01 8.436498e+01 2.259666e-01 8.459095e+01
2.480000e+01 8.437772e+01 2.132488e-01 8.459097e+01
2.500000e+01 8.439098e+01 1.999880e-01 8.459097e+01
2.520000e+01 8.439583e+01 1.950777e-01 8.459091e+01
2.540000e+01 8.440687e+01 1.840650e-01 8.459093e+01
2.560000e+01 8.433003e+01 2.609206e-01 8.459095e+01
2.580000e+01 8.429785e+01 2.926022e-01 8.459046e+01
2.600000e+01 8.424870e+01 3.421632e-01 8.459086e+01
2.620000e+01 8.438990e+01 2.007909e-01 8.459069e+01
2.640000e+01 8.425872e+01 3.321755e-01 8.459090e+01
2.660000e+01 8.439215e+01 1.985712e-01 8.459073e+01
2.680000e+01 8.430330e+01 2.876117e-01 8.459091e+01
2.700000e+01 8.436733e+01 2.234396e-01 8.459077e+01
2.720000e+01 8.436908e+01 2.218073e-01 8.459089e+01
2.740000e+01 8.435329e+01 2.375848e-01 8.459087e+01
2.760000e+01 8.436635e+01 2.244460e-01 8.459079e+01
2.780000e+01 8.434108e+01 2.498881e-01 8.459097e+01
2.800000e+01 8.441018e+01 1.805663e-01 8.459075e+01
2.820000e+01 8.435908e+01 2.319601e-01 8.459104e+01
2.840000e+01 8.443513e+01 1.556349e-01 8.459076e+01
2.860000e+01 8.437159e+01 2.194681e-01 8.459106e+01
2.880000e+01 8.443846e+01 1.523269e-01 8.459079e+01
2.900000e+01 8.438541e+01 2.056184e-01 8.459103e+01
2.920000e+01 8.442713e+01 1.637392e-01 8.459087e+01
2.940000e+01 8.440927e+01 1.817220e-01 8.459099e+01
2.960000e+01 8.442652e+01 1.644446e-01 8.459096e+01
2.980000e+01 8.445006e+01 1.408667e-01 8.459093e+01
3.000000e+01 8.442679e+01 1.642561e-01 8.459105e+01
3.020000e+01 8.446448e+01 1.264007e-01 8.459088e+01
3.040000e+01 8.442048e+01 1.706381e-01 8.459112e+01
3.060000e+01 8.448974e+01 1.011359e-01 8.459087e+01
3.080000e+01 8.442723e+01 1.639082e-01 8.459114e+01
3.100000e+01 8.448823e+01 1.026709e-01 8.459090e+01
3.120000e+01 8.445101e+01 1.401194e-01 8.459113e+01
3.140000e+01 8.448488e+01 1.061078e-01 8.459099e+01
3.160000e+01 8.447040e+01 1.207002e-01 8.459110e+01
3.180000e+01 8.448097e+01 1.100873e-01 8.459105e+01
3.200000e+01 8.449095e+01 1.001073e-01 8.459106e+01
3.220000e+01 8.447620e+01 1.149340e-01 8.459114e+01
3.240000e+01 8.451024e+01 8.077697e-02 8.459102e+01
3.260000e+01 8.447307e+01 1.181208e-01 8.459120e+01
3.280000e+01 8.452445e+01 6.655173e-02 8.459100e+01
3.300000e+01 8.447621e+01 1.150137e-01 8.459123e+01
3.320000e+01 8.453194e+01 5.907825e-02 8.459102e+01
3.340000e+01 8.448741e+01 1.038156e-01 8.459123e+01
3.360000e+01 8.453055e+01 6.051741e-02 8.459106e+01
3.380000e+01 8.450675e+01 8.443704e-02 8.459119e+01
3.400000e+01 8.452102e+01 7.011327e-02 8.459113e+01
3.420000e+01 8.452594e+01 6.520247e-02 8.459114e+01
3.440000e+01 8.451694e+01 7.425584e-02 8.459119e+01
3.460000e+01 8.453857e+01 5.254645e-02 8.459111e+01
3.480000e+01 8.451581e+01 7.542705e-02 8.459124e+01
3.500000e+01 8.455148e+01 3.961891e-02 8.459110e+01
3.520000e+01 8.451596e+01 7.531331e-02 8.459127e+01
3.540000e+01 8.455585e+01 3.525955e-02 8.459110e+01
3.560000e+01 8.452405e+01 6.721320e-02 8.459126e+01
3.580000e+01 8.455299e+01 3.814227e-02 8.459113e+01
3.600000e+01 8.453176e+01 5.948354e-02 8.459124e+01
3.620000e+01 8.454947e+01 4.170935e-02 8.459118e+01
3.640000e+01 8.454821e+01 4.300330e-02 8.459121e+01
3.660000e+01 8.454880e+01 4.243354e-02 8.459123e+01
3.680000e+01 8.453444e+01 5.670273e-02 8.459114e+01
3.700000e+01 8.448640e+01 1.048126e-01 8.459121e+01
3.720000e+01 8.449563e+01 9.543466e-02 8.459106e+01
3.740000e+01 8.441487e+01 1.761206e-01 8.459099e+01
3.760000e+01 8.424399e+01 3.468519e-01 8.459085e+01
3.780000e+01 8.409422e+01 4.963199e-01 8.459054e+01
3.800000e+01 8.398368e+01 6.066317e-01 8.459031e+01
3.820000e+01 8.384450e+01 7.457141e-01 8.459021e+01
3.840000e+01 8.370116e+01 8.888197e-01 8.458998e+01
3.860000e+01 8.360692e+01 9.828329e-01 8.458975e+01
3.880000e+01 8.347331e+01 1.116412e+00 8.458972e+01
3.900000e+01 8.336019e+01 1.229249e+00 8.458944e+01
3.920000e+01 8.327502e+01 1.314262e+00 8.458928e+01
3.940000e+01 8.320299e+01 1.386402e+00 8.458940e+01
3.960000e+01 8.323427e+01 1.355016e+00 8.458929e+01
3.980000e+01 8.327288e+01 1.316493e+00 8.458938e+01
4.000000e+01 8.330366e+01 1.285738e+00 8.458940e+01
4.020000e+01 8.328895e+01 1.300454e+00 8.458940e+01
4.040000e+01 8.332433e+01 1.265079e+00 8.458941e+01
4.060000e+01 8.333429e+01 1.255139e+00 8.458943e+01
4.080000e+01 8.335375e+01 1.235727e+00 8.458948e+01
4.100000e+01 8.337859e+01 1.210859e+00 8.458945e+01
4.120000e+01 8.339467e+01 1.194875e+00 8.458955e+01
4.140000e+01 8.342042e+01 1.169079e+00 8.458950e+01
4.160000e+01 8.343026e+01 1.159327e+00 8.458959e+01
4.180000e+01 8.346558e+01 1.123986e+00 8.458957e+01
4.200000e+01 8.347591e+01 1.113730e+00 8.458964e+01
4.220000e+01 8.350781e+01 1.081829e+00 8.458964e+01
4.240000e+01 8.352781e+01 1.061890e+00 8.458970e+01
4.260000e+01 8.355706e+01 1.032664e+00 8.458973e+01
4.280000e+01 8.358067e+01 1.009097e+00 8.458977e+01
4.300000e+01 8.360368e+01 9.861349e-01 8.458981e+01
4.320000e+01 8.363330e+01 9.565376e-01 8.458983e+01
4.340000e+01 8.365372e+01 9.361786e-01 8.458990e+01
4.360000e+01 8.368748e+01 9.024314e-01 8.458991e+01
4.380000e+01 8.370521e+01 8.847837e-01 8.459000e+01
4.400000e+01 8.373937e+01 8.506385e-01 8.459001e+01
4.420000e+01 8.376017e+01 8.299028e-01 8.459007e+01
4.440000e+01 8.379210e+01 7.979931e-01 8.459009e+01
4.460000e+01 8.381478e+01 7.753725e-01 8.459015e+01
4.480000e+01 8.384444e+01 7.457463e-01 8.459018e+01
4.500000e+01 8.386985e+01 7.203699e-01 8.459022e+01
4.520000e+01 8.389461e+01 6.956445e-01 8.459026e+01
4.540000e+01 8.392277e+01 6.675103e-01 8.459029e+01
4.560000e+01 8.394424e+01 6.461028e-01 8.459034e+01
4.580000e+01 8.397310e+01 6.172522e-01 8.459035e+01
4.600000e+01 8.399484e+01 5.955729e-01 8.459042e+01
4.620000e+01 8.402288e+01 5.675529e-01 8.459044e+01
4.640000e+01 8.404245e+01 5.480277e-01 8.459048e+01
4.660000e+01 8.406920e+01 5.213127e-01 8.459051e+01
4.680000e+01 8.409103e+01 4.995251e-01 8.459056e+01
4.700000e+01 8.411569e+01 4.748920e-01 8.459058e+01
4.720000e+01 8.413742e+01 4.532070e-01 8.459062e+01
4.740000e+01 8.415831e+01 4.323478e-01 8.459066e+01
4.760000e+01 8.417916e+01 4.115215e-01 8.459068e+01
4.780000e+01 8.419647e+01 3.942496e-01 8.459072e+01
4.800000e+01 8.421853e+01 3.722149e-01 8.459074e+01
4.820000e+01 8.423650e+01 3.542848e-01 8.459079e+01
4.840000e+01 8.425732e+01 3.334903e-01 8.459081e+01
4.860000e+01 8.425654e+01 3.342766e-01 8.459081e+01
4.880000e+01 8.425721e+01 3.335928e-01 8.459080e+01
4.900000e+01 8.427024e+01 3.205857e-01 8.459083e+01
4.920000e+01 8.429245e+01 2.983984e-01 8.459085e+01
4.940000e+01 8.430536e+01 2.855213e-01 8.459088e+01
4.960000e+01 8.432515e+01 2.657475e-01 8.459089e+01
4.980000e+01 8.433971e+01 2.512149e-01 8.459092e+01
5.000000e+01 8.435472e+01 2.362225e-01 8.459094e+01
